<?xml version="1.0" encoding="UTF-8"?>
<!-- Generated by org.testng.reporters.JUnitXMLReporter -->
<testsuite hostname="DESKTOP-402HG2K" ignored="0" name="Regeression suite 1" tests="9" failures="0" timestamp="2020-10-23T10:30:27 ICT" time="1172.816" errors="0">
  <testcase name="Test1" time="73.411" classname="poly.selenium.SeleniumASM"/>
  <testcase name="Test2" time="170.835" classname="poly.selenium.SeleniumASM"/>
  <testcase name="Test3" time="275.233" classname="poly.selenium.SeleniumASM"/>
  <testcase name="Test4" time="176.901" classname="poly.selenium.SeleniumASM"/>
  <testcase name="Test5" time="72.834" classname="poly.selenium.SeleniumASM"/>
  <testcase name="Test6" time="129.29" classname="poly.selenium.SeleniumASM"/>
  <testcase name="Test7" time="171.056" classname="poly.selenium.SeleniumASM"/>
  <testcase name="Test8" time="98.914" classname="poly.selenium.SeleniumASM"/>
  <testcase name="suiteTearDown" time="0.48" classname="poly.selenium.SeleniumASM"/>
</testsuite> <!-- Regeression suite 1 -->
